Building DAG of jobs...
Using shell: /usr/bin/bash
Provided cores: 1 (use --cores to define parallelism)
Rules claiming more threads will be scaled down.
Job counts:
	count	jobs
	1	run_max_safe_paths
	1
Select jobs to execute...

[Thu Jun  3 14:29:40 2021]
rule run_max_safe_paths:
    jobid: 0

[Thu Jun  3 14:29:40 2021]
Error in rule run_max_safe_paths:
    jobid: 0
    shell:
        scripts/main.py --graph_file data/dag_graph.gfa -s 0 -t 7
        (one of the commands exited with non-zero exit code; note that snakemake uses bash strict mode!)

Shutting down, this might take some time.
Exiting because a job execution failed. Look above for error message
Complete log: /home/milla/flow-decomposition-safety/.snakemake/log/2021-06-03T142940.157087.snakemake.log
