Building DAG of jobs...
Using shell: /usr/bin/bash
Provided cores: 1 (use --cores to define parallelism)
Rules claiming more threads will be scaled down.
Job counts:
	count	jobs
	1	bwa_map
	1
Select jobs to execute...

[Thu Jun  3 14:55:39 2021]
rule bwa_map:
    input: data/test.txt
    output: data/data.txt
    jobid: 0

Waiting at most 5 seconds for missing files.
MissingOutputException in line 1 of /home/milla/flow-decomposition-safety/Snakefile:
Job Missing files after 5 seconds:
data/data.txt
This might be due to filesystem latency. If that is the case, consider to increase the wait time with --latency-wait.
Job id: 0 completed successfully, but some output files are missing. 0
  File "/home/milla/anaconda3/envs/safety/lib/python3.8/site-packages/snakemake/executors/__init__.py", line 584, in handle_job_success
  File "/home/milla/anaconda3/envs/safety/lib/python3.8/site-packages/snakemake/executors/__init__.py", line 252, in handle_job_success
Shutting down, this might take some time.
Exiting because a job execution failed. Look above for error message
Complete log: /home/milla/flow-decomposition-safety/.snakemake/log/2021-06-03T145539.655820.snakemake.log
